#
# There is insufficient memory for the Java Runtime Environment to continue.
# Native memory allocation (malloc) failed to allocate 262160 bytes for Chunk::new
# Possible reasons:
#   The system is out of physical RAM or swap space
#   In 32 bit mode, the process size limit was hit
# Possible solutions:
#   Reduce memory load on the system
#   Increase physical memory or swap space
#   Check if swap backing store is full
#   Use 64 bit Java on a 64 bit OS
#   Decrease Java heap size (-Xmx/-Xms)
#   Decrease number of Java threads
#   Decrease Java thread stack sizes (-Xss)
#   Set larger code cache with -XX:ReservedCodeCacheSize=
# This output file may be truncated or incomplete.
#
#  Out of Memory Error (allocation.cpp:390), pid=10568, tid=0x0000000000006ea8
#
# JRE version: Java(TM) SE Runtime Environment (8.0_161-b12) (build 1.8.0_161-b12)
# Java VM: Java HotSpot(TM) 64-Bit Server VM (25.161-b12 mixed mode windows-amd64 compressed oops)
# Failed to write core dump. Minidumps are not enabled by default on client versions of Windows
#

---------------  T H R E A D  ---------------

Current thread (0x00000000198b6800):  JavaThread "C2 CompilerThread0" daemon [_thread_in_native, id=28328, stack(0x000000001a0b0000,0x000000001a1b0000)]

Stack: [0x000000001a0b0000,0x000000001a1b0000]
[error occurred during error reporting (printing stack bounds), id 0xc0000005]

Native frames: (J=compiled Java code, j=interpreted, Vv=VM code, C=native code)


Current CompileTask:
C2:   8362 1719       4       java.net.URLClassLoader$1::run (5 bytes)


---------------  P R O C E S S  ---------------

Java Threads: ( => current thread )
  0x0000000019951800 JavaThread "Service Thread" daemon [_thread_blocked, id=23912, stack(0x000000001a4b0000,0x000000001a5b0000)]
  0x00000000198d3800 JavaThread "C1 CompilerThread3" daemon [_thread_in_native, id=23652, stack(0x000000001a3b0000,0x000000001a4b0000)]
  0x00000000198c7000 JavaThread "C2 CompilerThread2" daemon [_thread_in_native, id=16756, stack(0x000000001a2b0000,0x000000001a3b0000)]
  0x00000000198bd000 JavaThread "C2 CompilerThread1" daemon [_thread_in_native, id=23980, stack(0x000000001a1b0000,0x000000001a2b0000)]
=>0x00000000198b6800 JavaThread "C2 CompilerThread0" daemon [_thread_in_native, id=28328, stack(0x000000001a0b0000,0x000000001a1b0000)]
  0x00000000198c6000 JavaThread "Attach Listener" daemon [_thread_blocked, id=24112, stack(0x0000000019fb0000,0x000000001a0b0000)]
  0x00000000198c4800 JavaThread "Signal Dispatcher" daemon [_thread_blocked, id=8092, stack(0x0000000019eb0000,0x0000000019fb0000)]
  0x00000000198b0800 JavaThread "Finalizer" daemon [_thread_blocked, id=16916, stack(0x0000000019c90000,0x0000000019d90000)]
  0x0000000002a08000 JavaThread "Reference Handler" daemon [_thread_blocked, id=25372, stack(0x0000000019790000,0x0000000019890000)]
  0x000000000290e800 JavaThread "main" [_thread_in_native, id=12548, stack(0x0000000002770000,0x0000000002870000)]

Other Threads:
  0x00000000179aa000 VMThread [stack: 0x0000000019690000,0x0000000019790000] [id=26164]
  0x000000001995d800 WatcherThread [stack: 0x000000001a5b0000,0x000000001a6b0000] [id=28112]

VM state:not at safepoint (normal execution)

VM Mutex/Monitor currently owned by a thread: None

Heap:
 PSYoungGen      total 38400K, used 26537K [0x00000000d5d80000, 0x00000000d8800000, 0x0000000100000000)
  eden space 33280K, 64% used [0x00000000d5d80000,0x00000000d7271a38,0x00000000d7e00000)
  from space 5120K, 99% used [0x00000000d8300000,0x00000000d87f8bf0,0x00000000d8800000)
  to   space 5120K, 0% used [0x00000000d7e00000,0x00000000d7e00000,0x00000000d8300000)
 ParOldGen       total 87552K, used 2315K [0x0000000081800000, 0x0000000086d80000, 0x00000000d5d80000)
  object space 87552K, 2% used [0x0000000081800000,0x0000000081a42ed8,0x0000000086d80000)
 Metaspace       used 15303K, capacity 15516K, committed 15872K, reserved 1062912K
  class space    used 1859K, capacity 1940K, committed 2048K, reserved 1048576K

Card table byte_map: [0x0000000011dd0000,0x00000000121d0000] byte_map_base: 0x00000000119c4000

Marking Bits: (ParMarkBitMap*) 0x0000000075cef860
 Begin Bits: [0x0000000012c80000, 0x0000000014c20000)
 End Bits:   [0x0000000014c20000, 0x0000000016bc0000)

Polling page: 0x0000000002750000

CodeCache: size=245760Kb used=5979Kb max_used=5990Kb free=239780Kb
 bounds [0x0000000002a10000, 0x0000000002ff0000, 0x0000000011a10000]
 total_blobs=2102 nmethods=1731 adapters=283
 compilation: enabled

Compilation events (10 events):
Event: 8.347 Thread 0x00000000198d3800 nmethod 1731 0x0000000002fe2f10 code [0x0000000002fe30a0, 0x0000000002fe3498]
Event: 8.347 Thread 0x00000000198d3800 1732       3       org.eclipse.sisu.inject.LocatedBeans$Itr::next (32 bytes)
Event: 8.347 Thread 0x00000000198d3800 nmethod 1732 0x0000000002feae90 code [0x0000000002feb000, 0x0000000002feb338]
Event: 8.347 Thread 0x00000000198d3800 1728       3       org.codehaus.plexus.util.xml.Xpp3Dom::setValue (6 bytes)
Event: 8.347 Thread 0x00000000198d3800 nmethod 1728 0x0000000002fe2bd0 code [0x0000000002fe2d20, 0x0000000002fe2e90]
Event: 8.347 Thread 0x00000000198d3800 1729       3       org.codehaus.plexus.util.xml.Xpp3Dom::addChild (17 bytes)
Event: 8.348 Thread 0x00000000198d3800 nmethod 1729 0x0000000002feb450 code [0x0000000002feb5c0, 0x0000000002feb868]
Event: 8.348 Thread 0x00000000198d3800 1730       1       org.codehaus.plexus.util.xml.Xpp3Dom::getName (5 bytes)
Event: 8.348 Thread 0x00000000198d3800 nmethod 1730 0x0000000002feb990 code [0x0000000002febae0, 0x0000000002febbf0]
Event: 8.356 Thread 0x00000000198d3800 1733 %     3       sun.nio.cs.UTF_8$Decoder::decode @ 51 (779 bytes)

GC Heap History (4 events):
Event: 4.897 GC heap before
{Heap before GC invocations=1 (full 0):
 PSYoungGen      total 38400K, used 33280K [0x00000000d5d80000, 0x00000000d8800000, 0x0000000100000000)
  eden space 33280K, 100% used [0x00000000d5d80000,0x00000000d7e00000,0x00000000d7e00000)
  from space 5120K, 0% used [0x00000000d8300000,0x00000000d8300000,0x00000000d8800000)
  to   space 5120K, 0% used [0x00000000d7e00000,0x00000000d7e00000,0x00000000d8300000)
 ParOldGen       total 87552K, used 0K [0x0000000081800000, 0x0000000086d80000, 0x00000000d5d80000)
  object space 87552K, 0% used [0x0000000081800000,0x0000000081800000,0x0000000086d80000)
 Metaspace       used 8624K, capacity 8764K, committed 8832K, reserved 1056768K
  class space    used 1041K, capacity 1112K, committed 1152K, reserved 1048576K
Event: 4.915 GC heap after
Heap after GC invocations=1 (full 0):
 PSYoungGen      total 38400K, used 5098K [0x00000000d5d80000, 0x00000000d8800000, 0x0000000100000000)
  eden space 33280K, 0% used [0x00000000d5d80000,0x00000000d5d80000,0x00000000d7e00000)
  from space 5120K, 99% used [0x00000000d7e00000,0x00000000d82fab28,0x00000000d8300000)
  to   space 5120K, 0% used [0x00000000d8300000,0x00000000d8300000,0x00000000d8800000)
 ParOldGen       total 87552K, used 38K [0x0000000081800000, 0x0000000086d80000, 0x00000000d5d80000)
  object space 87552K, 0% used [0x0000000081800000,0x0000000081809ad0,0x0000000086d80000)
 Metaspace       used 8624K, capacity 8764K, committed 8832K, reserved 1056768K
  class space    used 1041K, capacity 1112K, committed 1152K, reserved 1048576K
}
Event: 7.211 GC heap before
{Heap before GC invocations=2 (full 0):
 PSYoungGen      total 38400K, used 38378K [0x00000000d5d80000, 0x00000000d8800000, 0x0000000100000000)
  eden space 33280K, 100% used [0x00000000d5d80000,0x00000000d7e00000,0x00000000d7e00000)
  from space 5120K, 99% used [0x00000000d7e00000,0x00000000d82fab28,0x00000000d8300000)
  to   space 5120K, 0% used [0x00000000d8300000,0x00000000d8300000,0x00000000d8800000)
 ParOldGen       total 87552K, used 38K [0x0000000081800000, 0x0000000086d80000, 0x00000000d5d80000)
  object space 87552K, 0% used [0x0000000081800000,0x0000000081809ad0,0x0000000086d80000)
 Metaspace       used 12249K, capacity 12430K, committed 12672K, reserved 1060864K
  class space    used 1503K, capacity 1605K, committed 1664K, reserved 1048576K
Event: 7.227 GC heap after
Heap after GC invocations=2 (full 0):
 PSYoungGen      total 38400K, used 5090K [0x00000000d5d80000, 0x00000000d8800000, 0x0000000100000000)
  eden space 33280K, 0% used [0x00000000d5d80000,0x00000000d5d80000,0x00000000d7e00000)
  from space 5120K, 99% used [0x00000000d8300000,0x00000000d87f8bf0,0x00000000d8800000)
  to   space 5120K, 0% used [0x00000000d7e00000,0x00000000d7e00000,0x00000000d8300000)
 ParOldGen       total 87552K, used 2315K [0x0000000081800000, 0x0000000086d80000, 0x00000000d5d80000)
  object space 87552K, 2% used [0x0000000081800000,0x0000000081a42ed8,0x0000000086d80000)
 Metaspace       used 12249K, capacity 12430K, committed 12672K, reserved 1060864K
  class space    used 1503K, capacity 1605K, committed 1664K, reserved 1048576K
}

Deoptimization events (10 events):
Event: 8.014 Thread 0x000000000290e800 Uncommon trap: reason=unstable_if action=reinterpret pc=0x0000000002bfa004 method=java.lang.AbstractStringBuilder.append(Ljava/lang/String;)Ljava/lang/AbstractStringBuilder; @ 1
Event: 8.026 Thread 0x000000000290e800 Uncommon trap: reason=unstable_if action=reinterpret pc=0x0000000002bdb2f0 method=java.lang.String.replace(CC)Ljava/lang/String; @ 2
Event: 8.027 Thread 0x000000000290e800 Uncommon trap: reason=unstable_if action=reinterpret pc=0x0000000002c1f248 method=sun.misc.MetaIndex.mayContain(Ljava/lang/String;)Z @ 38
Event: 8.027 Thread 0x000000000290e800 Uncommon trap: reason=unstable_if action=reinterpret pc=0x0000000002cfa21c method=java.nio.charset.CharsetDecoder.decode(Ljava/nio/ByteBuffer;Ljava/nio/CharBuffer;Z)Ljava/nio/charset/CoderResult; @ 1
Event: 8.203 Thread 0x000000000290e800 Uncommon trap: reason=bimorphic action=maybe_recompile pc=0x0000000002da6dc8 method=java.util.HashMap.putVal(ILjava/lang/Object;Ljava/lang/Object;ZZ)Ljava/lang/Object; @ 203
Event: 8.282 Thread 0x000000000290e800 Uncommon trap: reason=unstable_if action=reinterpret pc=0x0000000002d8f170 method=java.lang.String.startsWith(Ljava/lang/String;I)Z @ 25
Event: 8.283 Thread 0x000000000290e800 Uncommon trap: reason=unstable_if action=reinterpret pc=0x0000000002bd0f48 method=java.lang.String.startsWith(Ljava/lang/String;I)Z @ 25
Event: 8.313 Thread 0x000000000290e800 Uncommon trap: reason=unstable_if action=reinterpret pc=0x0000000002fa9684 method=org.codehaus.plexus.util.xml.pull.MXParser.nextImpl()I @ 835
Event: 8.356 Thread 0x000000000290e800 Uncommon trap: reason=unstable_if action=reinterpret pc=0x0000000002d4e4c4 method=sun.nio.cs.UTF_8$Decoder.decode([BII[C)I @ 30
Event: 8.356 Thread 0x000000000290e800 Uncommon trap: reason=unstable_if action=reinterpret pc=0x0000000002ce6d14 method=sun.nio.cs.UTF_8$Decoder.decodeArrayLoop(Ljava/nio/ByteBuffer;Ljava/nio/CharBuffer;)Ljava/nio/charset/CoderResult; @ 84

Classes redefined (0 events):
No events

Internal exceptions (10 events):
Event: 7.627 Thread 0x000000000290e800 Exception <a 'java/lang/NoClassDefFoundError'> (0x00000000d65d2488) thrown at [C:\re\workspace\8-2-build-windows-amd64-cygwin\jdk8u161\10277\hotspot\src\share\vm\prims\jvm.cpp, line 1394]
Event: 7.628 Thread 0x000000000290e800 Exception <a 'java/lang/NoClassDefFoundError': javax/annotation/Priority> (0x00000000d65d9750) thrown at [C:\re\workspace\8-2-build-windows-amd64-cygwin\jdk8u161\10277\hotspot\src\share\vm\classfile\systemDictionary.cpp, line 199]
Event: 7.973 Thread 0x000000000290e800 Exception <a 'java/lang/NullPointerException'> (0x00000000d6af8f90) thrown at [C:\re\workspace\8-2-build-windows-amd64-cygwin\jdk8u161\10277\hotspot\src\share\vm\interpreter\linkResolver.cpp, line 1185]
Event: 7.973 Thread 0x000000000290e800 Exception <a 'java/lang/NullPointerException'> (0x00000000d6af91a8) thrown at [C:\re\workspace\8-2-build-windows-amd64-cygwin\jdk8u161\10277\hotspot\src\share\vm\interpreter\linkResolver.cpp, line 1185]
Event: 7.973 Thread 0x000000000290e800 Exception <a 'java/lang/NullPointerException'> (0x00000000d6af93c0) thrown at [C:\re\workspace\8-2-build-windows-amd64-cygwin\jdk8u161\10277\hotspot\src\share\vm\interpreter\linkResolver.cpp, line 1185]
Event: 7.974 Thread 0x000000000290e800 Exception <a 'java/lang/NullPointerException'> (0x00000000d6b02978) thrown at [C:\re\workspace\8-2-build-windows-amd64-cygwin\jdk8u161\10277\hotspot\src\share\vm\interpreter\linkResolver.cpp, line 1185]
Event: 7.974 Thread 0x000000000290e800 Exception <a 'java/lang/NullPointerException'> (0x00000000d6b02b90) thrown at [C:\re\workspace\8-2-build-windows-amd64-cygwin\jdk8u161\10277\hotspot\src\share\vm\interpreter\linkResolver.cpp, line 1185]
Event: 7.974 Thread 0x000000000290e800 Exception <a 'java/lang/NullPointerException'> (0x00000000d6b02da8) thrown at [C:\re\workspace\8-2-build-windows-amd64-cygwin\jdk8u161\10277\hotspot\src\share\vm\interpreter\linkResolver.cpp, line 1185]
Event: 8.014 Thread 0x000000000290e800 Implicit null exception at 0x0000000002c137d4 to 0x0000000002c13b79
Event: 8.014 Thread 0x000000000290e800 Implicit null exception at 0x0000000002bf9c56 to 0x0000000002bf9fed

Events (10 events):
Event: 8.343 loading class org/apache/maven/model/Site
Event: 8.343 loading class org/apache/maven/model/Site done
Event: 8.345 loading class org/apache/maven/model/ActivationFile
Event: 8.345 loading class org/apache/maven/model/ActivationFile done
Event: 8.356 Thread 0x000000000290e800 Uncommon trap: trap_request=0xffffff65 fr.pc=0x0000000002d4e4c4
Event: 8.356 Thread 0x000000000290e800 DEOPT PACKING pc=0x0000000002d4e4c4 sp=0x000000000286d260
Event: 8.356 Thread 0x000000000290e800 DEOPT UNPACKING pc=0x0000000002a5583b sp=0x000000000286d1b8 mode 2
Event: 8.356 Thread 0x000000000290e800 Uncommon trap: trap_request=0xffffff65 fr.pc=0x0000000002ce6d14
Event: 8.356 Thread 0x000000000290e800 DEOPT PACKING pc=0x0000000002ce6d14 sp=0x000000000286d190
Event: 8.356 Thread 0x000000000290e800 DEOPT UNPACKING pc=0x0000000002a5583b sp=0x000000000286d0d8 mode 2


Dynamic libraries:
0x00007ff711cb0000 - 0x00007ff711ce7000 	C:\Program Files\Java\jdk1.8.0_161\bin\javaw.exe
0x00007ffcf1050000 - 0x00007ffcf1247000 	C:\WINDOWS\SYSTEM32\ntdll.dll
0x00007ffcf0750000 - 0x00007ffcf080d000 	C:\WINDOWS\System32\KERNEL32.DLL
0x00007ffceea70000 - 0x00007ffceed3d000 	C:\WINDOWS\System32\KERNELBASE.dll
0x00007ffcf0360000 - 0x00007ffcf040e000 	C:\WINDOWS\System32\ADVAPI32.dll
0x00007ffcefe00000 - 0x00007ffcefe9e000 	C:\WINDOWS\System32\msvcrt.dll
0x00007ffcf09b0000 - 0x00007ffcf0a4c000 	C:\WINDOWS\System32\sechost.dll
0x00007ffcf0620000 - 0x00007ffcf0745000 	C:\WINDOWS\System32\RPCRT4.dll
0x00007ffcf0810000 - 0x00007ffcf09b0000 	C:\WINDOWS\System32\USER32.dll
0x00007ffceeef0000 - 0x00007ffceef12000 	C:\WINDOWS\System32\win32u.dll
0x00007ffcf0a50000 - 0x00007ffcf0a7a000 	C:\WINDOWS\System32\GDI32.dll
0x00007ffcee8d0000 - 0x00007ffcee9db000 	C:\WINDOWS\System32\gdi32full.dll
0x00007ffceef70000 - 0x00007ffcef00d000 	C:\WINDOWS\System32\msvcp_win.dll
0x00007ffceedf0000 - 0x00007ffceeef0000 	C:\WINDOWS\System32\ucrtbase.dll
0x00007ffcd22d0000 - 0x00007ffcd256a000 	C:\WINDOWS\WinSxS\amd64_microsoft.windows.common-controls_6595b64144ccf1df_6.0.19041.1110_none_60b5254171f9507e\COMCTL32.dll
0x00007ffcef4f0000 - 0x00007ffcef520000 	C:\WINDOWS\System32\IMM32.DLL
0x0000000076660000 - 0x0000000076732000 	C:\Program Files\Java\jdk1.8.0_161\jre\bin\msvcr100.dll
0x00000000754d0000 - 0x0000000075d6f000 	C:\Program Files\Java\jdk1.8.0_161\jre\bin\server\jvm.dll
0x00007ffcef360000 - 0x00007ffcef368000 	C:\WINDOWS\System32\PSAPI.DLL
0x00007ffce8210000 - 0x00007ffce8237000 	C:\WINDOWS\SYSTEM32\WINMM.dll
0x00007ffce7030000 - 0x00007ffce703a000 	C:\WINDOWS\SYSTEM32\VERSION.dll
0x00007ffceceb0000 - 0x00007ffceceb9000 	C:\WINDOWS\SYSTEM32\WSOCK32.dll
0x00007ffcef420000 - 0x00007ffcef48b000 	C:\WINDOWS\System32\WS2_32.dll
0x0000000077bc0000 - 0x0000000077bcf000 	C:\Program Files\Java\jdk1.8.0_161\jre\bin\verify.dll
0x0000000076fe0000 - 0x0000000077009000 	C:\Program Files\Java\jdk1.8.0_161\jre\bin\java.dll
0x0000000077aa0000 - 0x0000000077ab6000 	C:\Program Files\Java\jdk1.8.0_161\jre\bin\zip.dll
0x00007ffcef5c0000 - 0x00007ffcefd04000 	C:\WINDOWS\System32\SHELL32.dll
0x00007ffcec6e0000 - 0x00007ffcece74000 	C:\WINDOWS\SYSTEM32\windows.storage.dll
0x00007ffcf0000000 - 0x00007ffcf0354000 	C:\WINDOWS\System32\combase.dll
0x00007ffcee1d0000 - 0x00007ffcee1fc000 	C:\WINDOWS\SYSTEM32\Wldp.dll
0x00007ffcef370000 - 0x00007ffcef41d000 	C:\WINDOWS\System32\SHCORE.dll
0x00007ffceff80000 - 0x00007ffceffd5000 	C:\WINDOWS\System32\shlwapi.dll
0x00007ffcee6b0000 - 0x00007ffcee6cf000 	C:\WINDOWS\SYSTEM32\profapi.dll
0x00007ffcee030000 - 0x00007ffcee048000 	C:\WINDOWS\SYSTEM32\CRYPTSP.dll
0x00007ffced7a0000 - 0x00007ffced7d4000 	C:\WINDOWS\system32\rsaenh.dll
0x00007ffcef080000 - 0x00007ffcef0a7000 	C:\WINDOWS\System32\bcrypt.dll
0x00007ffcee630000 - 0x00007ffcee65e000 	C:\WINDOWS\SYSTEM32\USERENV.dll
0x00007ffcee9e0000 - 0x00007ffceea62000 	C:\WINDOWS\System32\bcryptprimitives.dll
0x00007ffcee020000 - 0x00007ffcee02c000 	C:\WINDOWS\SYSTEM32\CRYPTBASE.dll
0x0000000076fc0000 - 0x0000000076fda000 	C:\Program Files\Java\jdk1.8.0_161\jre\bin\net.dll
0x00007ffcede10000 - 0x00007ffcede7a000 	C:\WINDOWS\system32\mswsock.dll
0x00007ffcedb10000 - 0x00007ffcedb4b000 	C:\WINDOWS\SYSTEM32\IPHLPAPI.DLL
0x00007ffcef5b0000 - 0x00007ffcef5b8000 	C:\WINDOWS\System32\NSI.dll
0x00007ffce5340000 - 0x00007ffce5357000 	C:\WINDOWS\SYSTEM32\dhcpcsvc6.DLL
0x00007ffce6020000 - 0x00007ffce603d000 	C:\WINDOWS\SYSTEM32\dhcpcsvc.DLL
0x00007ffcedb50000 - 0x00007ffcedc1b000 	C:\WINDOWS\SYSTEM32\DNSAPI.dll
0x0000000076910000 - 0x0000000076921000 	C:\Program Files\Java\jdk1.8.0_161\jre\bin\nio.dll
0x00007ffce9d80000 - 0x00007ffce9d8a000 	C:\Users\Eduardo\AppData\Local\Temp\jansi-1.17.1-7377285263000562130.dll
0x00007ffce8830000 - 0x00007ffce883a000 	C:\Users\Eduardo\AppData\Local\Temp\jansi-1.17.1-327102532431802811.dll

VM Arguments:
jvm_args: -Dmaven.home=EMBEDDED -Dclassworlds.conf=C:\Users\Eduardo\JEE-workplace\.metadata\.plugins\org.eclipse.m2e.launching\launches\m2conf4381571092970571256.tmp -Dmaven.multiModuleProjectDirectory=C:\Users\Eduardo\JEE-workplace\EdGit\edgit-server -Dfile.encoding=Cp1252 
java_command: org.codehaus.plexus.classworlds.launcher.Launcher -B clean install
java_class_path (initial): C:\Users\Eduardo\.p2\pool\plugins\org.eclipse.m2e.maven.runtime_1.14.0.20191209-1923\jars\plexus-classworlds-2.6.0.jar
Launcher Type: SUN_STANDARD

Environment Variables:
JAVA_HOME=C:\Program Files\Java\jdk1.8.0_161
JRE_HOME=C:\Program Files\Java\jre1.8.0_161
USERNAME=Eduardo
OS=Windows_NT
PROCESSOR_IDENTIFIER=Intel64 Family 6 Model 94 Stepping 3, GenuineIntel



---------------  S Y S T E M  ---------------

OS: Windows 10.0 , 64 bit Build 19041 (10.0.19041.1741)

CPU:total 8 (initial active 8) (4 cores per cpu, 2 threads per core) family 6 model 94 stepping 3, cmov, cx8, fxsr, mmx, sse, sse2, sse3, ssse3, sse4.1, sse4.2, popcnt, avx, avx2, aes, clmul, erms, rtm, 3dnowpref, lzcnt, ht, tsc, tscinvbit, bmi1, bmi2, adx

Memory: 4k page, physical 8284688k(499572k free), swap 24141324k(3236k free)

vm_info: Java HotSpot(TM) 64-Bit Server VM (25.161-b12) for windows-amd64 JRE (1.8.0_161-b12), built on Dec 19 2017 17:52:25 by "java_re" with MS VC++ 10.0 (VS2010)

time: Sat Jun 25 03:52:13 2022
elapsed time: 8 seconds (0d 0h 0m 8s)

