#
# There is insufficient memory for the Java Runtime Environment to continue.
# Native memory allocation (malloc) failed to allocate 1972112 bytes for Chunk::new
# Possible reasons:
#   The system is out of physical RAM or swap space
#   In 32 bit mode, the process size limit was hit
# Possible solutions:
#   Reduce memory load on the system
#   Increase physical memory or swap space
#   Check if swap backing store is full
#   Use 64 bit Java on a 64 bit OS
#   Decrease Java heap size (-Xmx/-Xms)
#   Decrease number of Java threads
#   Decrease Java thread stack sizes (-Xss)
#   Set larger code cache with -XX:ReservedCodeCacheSize=
# This output file may be truncated or incomplete.
#
#  Out of Memory Error (allocation.cpp:390), pid=17996, tid=0x0000000000000b84
#
# JRE version: Java(TM) SE Runtime Environment (8.0_161-b12) (build 1.8.0_161-b12)
# Java VM: Java HotSpot(TM) 64-Bit Server VM (25.161-b12 mixed mode windows-amd64 compressed oops)
# Failed to write core dump. Minidumps are not enabled by default on client versions of Windows
#

---------------  T H R E A D  ---------------

Current thread (0x000000001a310000):  JavaThread "C2 CompilerThread1" daemon [_thread_in_native, id=2948, stack(0x000000001ac00000,0x000000001ad00000)]

Stack: [0x000000001ac00000,0x000000001ad00000]
[error occurred during error reporting (printing stack bounds), id 0xc0000005]

Native frames: (J=compiled Java code, j=interpreted, Vv=VM code, C=native code)


Current CompileTask:
C2:   9424 1700       4       java.net.URLClassLoader$1::run (5 bytes)


---------------  P R O C E S S  ---------------

Java Threads: ( => current thread )
  0x000000001a362000 JavaThread "Service Thread" daemon [_thread_blocked, id=4308, stack(0x000000001af00000,0x000000001b000000)]
  0x000000001a320800 JavaThread "C1 CompilerThread3" daemon [_thread_blocked, id=4968, stack(0x000000001ae00000,0x000000001af00000)]
  0x000000001a31d000 JavaThread "C2 CompilerThread2" daemon [_thread_blocked, id=10424, stack(0x000000001ad00000,0x000000001ae00000)]
=>0x000000001a310000 JavaThread "C2 CompilerThread1" daemon [_thread_in_native, id=2948, stack(0x000000001ac00000,0x000000001ad00000)]
  0x000000001a30d000 JavaThread "C2 CompilerThread0" daemon [_thread_blocked, id=4940, stack(0x000000001ab00000,0x000000001ac00000)]
  0x000000001a316800 JavaThread "Attach Listener" daemon [_thread_blocked, id=28108, stack(0x000000001aa00000,0x000000001ab00000)]
  0x000000001a315800 JavaThread "Signal Dispatcher" daemon [_thread_blocked, id=24996, stack(0x000000001a900000,0x000000001aa00000)]
  0x000000001a300800 JavaThread "Finalizer" daemon [_thread_blocked, id=19532, stack(0x000000001a6e0000,0x000000001a7e0000)]
  0x0000000003479000 JavaThread "Reference Handler" daemon [_thread_blocked, id=21068, stack(0x000000001a1e0000,0x000000001a2e0000)]
  0x000000000337e800 JavaThread "main" [_thread_in_native, id=27812, stack(0x0000000003190000,0x0000000003290000)]

Other Threads:
  0x000000001841a000 VMThread [stack: 0x000000001a0e0000,0x000000001a1e0000] [id=22320]
  0x000000001a366000 WatcherThread [stack: 0x000000001b000000,0x000000001b100000] [id=28564]

VM state:not at safepoint (normal execution)

VM Mutex/Monitor currently owned by a thread: None

Heap:
 PSYoungGen      total 38400K, used 11725K [0x00000000d5d80000, 0x00000000d8800000, 0x0000000100000000)
  eden space 33280K, 19% used [0x00000000d5d80000,0x00000000d63f74f0,0x00000000d7e00000)
  from space 5120K, 99% used [0x00000000d7e00000,0x00000000d82fc010,0x00000000d8300000)
  to   space 5120K, 0% used [0x00000000d8300000,0x00000000d8300000,0x00000000d8800000)
 ParOldGen       total 87552K, used 5079K [0x0000000081800000, 0x0000000086d80000, 0x00000000d5d80000)
  object space 87552K, 5% used [0x0000000081800000,0x0000000081cf5d48,0x0000000086d80000)
 Metaspace       used 15743K, capacity 15956K, committed 16128K, reserved 1062912K
  class space    used 1894K, capacity 1976K, committed 2048K, reserved 1048576K

Card table byte_map: [0x0000000012840000,0x0000000012c40000] byte_map_base: 0x0000000012434000

Marking Bits: (ParMarkBitMap*) 0x0000000075cef860
 Begin Bits: [0x00000000136f0000, 0x0000000015690000)
 End Bits:   [0x0000000015690000, 0x0000000017630000)

Polling page: 0x0000000001900000

CodeCache: size=245760Kb used=7367Kb max_used=7367Kb free=238392Kb
 bounds [0x0000000003480000, 0x0000000003bc0000, 0x0000000012480000]
 total_blobs=2555 nmethods=2183 adapters=284
 compilation: enabled

Compilation events (10 events):
Event: 9.402 Thread 0x000000001a320800 2188       1       java.lang.Integer::intValue (5 bytes)
Event: 9.402 Thread 0x000000001a320800 nmethod 2188 0x0000000003bb83d0 code [0x0000000003bb8520, 0x0000000003bb8630]
Event: 9.405 Thread 0x000000001a320800 2192       1       org.eclipse.aether.DefaultRepositorySystemSession::getRepositoryListener (5 bytes)
Event: 9.405 Thread 0x000000001a320800 nmethod 2192 0x0000000003bb8110 code [0x0000000003bb8260, 0x0000000003bb8370]
Event: 9.408 Thread 0x000000001a320800 2193       1       org.eclipse.aether.RepositoryEvent::getSession (5 bytes)
Event: 9.408 Thread 0x000000001a320800 nmethod 2193 0x0000000003bb7e50 code [0x0000000003bb7fa0, 0x0000000003bb80b0]
Event: 9.408 Thread 0x000000001a320800 2194       1       org.eclipse.aether.RepositoryEvent::getType (5 bytes)
Event: 9.409 Thread 0x000000001a320800 nmethod 2194 0x0000000003bb7b90 code [0x0000000003bb7ce0, 0x0000000003bb7df0]
Event: 9.419 Thread 0x000000001a320800 2195       1       org.eclipse.aether.resolution.ArtifactRequest::getRequestContext (5 bytes)
Event: 9.419 Thread 0x000000001a320800 nmethod 2195 0x0000000003bb78d0 code [0x0000000003bb7a20, 0x0000000003bb7b30]

GC Heap History (6 events):
Event: 5.027 GC heap before
{Heap before GC invocations=1 (full 0):
 PSYoungGen      total 38400K, used 33280K [0x00000000d5d80000, 0x00000000d8800000, 0x0000000100000000)
  eden space 33280K, 100% used [0x00000000d5d80000,0x00000000d7e00000,0x00000000d7e00000)
  from space 5120K, 0% used [0x00000000d8300000,0x00000000d8300000,0x00000000d8800000)
  to   space 5120K, 0% used [0x00000000d7e00000,0x00000000d7e00000,0x00000000d8300000)
 ParOldGen       total 87552K, used 0K [0x0000000081800000, 0x0000000086d80000, 0x00000000d5d80000)
  object space 87552K, 0% used [0x0000000081800000,0x0000000081800000,0x0000000086d80000)
 Metaspace       used 8621K, capacity 8764K, committed 8832K, reserved 1056768K
  class space    used 1041K, capacity 1112K, committed 1152K, reserved 1048576K
Event: 5.042 GC heap after
Heap after GC invocations=1 (full 0):
 PSYoungGen      total 38400K, used 5111K [0x00000000d5d80000, 0x00000000d8800000, 0x0000000100000000)
  eden space 33280K, 0% used [0x00000000d5d80000,0x00000000d5d80000,0x00000000d7e00000)
  from space 5120K, 99% used [0x00000000d7e00000,0x00000000d82fdfb8,0x00000000d8300000)
  to   space 5120K, 0% used [0x00000000d8300000,0x00000000d8300000,0x00000000d8800000)
 ParOldGen       total 87552K, used 81K [0x0000000081800000, 0x0000000086d80000, 0x00000000d5d80000)
  object space 87552K, 0% used [0x0000000081800000,0x0000000081814700,0x0000000086d80000)
 Metaspace       used 8621K, capacity 8764K, committed 8832K, reserved 1056768K
  class space    used 1041K, capacity 1112K, committed 1152K, reserved 1048576K
}
Event: 6.168 GC heap before
{Heap before GC invocations=2 (full 0):
 PSYoungGen      total 38400K, used 38391K [0x00000000d5d80000, 0x00000000d8800000, 0x0000000100000000)
  eden space 33280K, 100% used [0x00000000d5d80000,0x00000000d7e00000,0x00000000d7e00000)
  from space 5120K, 99% used [0x00000000d7e00000,0x00000000d82fdfb8,0x00000000d8300000)
  to   space 5120K, 0% used [0x00000000d8300000,0x00000000d8300000,0x00000000d8800000)
 ParOldGen       total 87552K, used 81K [0x0000000081800000, 0x0000000086d80000, 0x00000000d5d80000)
  object space 87552K, 0% used [0x0000000081800000,0x0000000081814700,0x0000000086d80000)
 Metaspace       used 12239K, capacity 12430K, committed 12672K, reserved 1060864K
  class space    used 1503K, capacity 1605K, committed 1664K, reserved 1048576K
Event: 6.179 GC heap after
Heap after GC invocations=2 (full 0):
 PSYoungGen      total 38400K, used 5116K [0x00000000d5d80000, 0x00000000d8800000, 0x0000000100000000)
  eden space 33280K, 0% used [0x00000000d5d80000,0x00000000d5d80000,0x00000000d7e00000)
  from space 5120K, 99% used [0x00000000d8300000,0x00000000d87ff338,0x00000000d8800000)
  to   space 5120K, 0% used [0x00000000d7e00000,0x00000000d7e00000,0x00000000d8300000)
 ParOldGen       total 87552K, used 2346K [0x0000000081800000, 0x0000000086d80000, 0x00000000d5d80000)
  object space 87552K, 2% used [0x0000000081800000,0x0000000081a4ab48,0x0000000086d80000)
 Metaspace       used 12239K, capacity 12430K, committed 12672K, reserved 1060864K
  class space    used 1503K, capacity 1605K, committed 1664K, reserved 1048576K
}
Event: 8.993 GC heap before
{Heap before GC invocations=3 (full 0):
 PSYoungGen      total 38400K, used 38396K [0x00000000d5d80000, 0x00000000d8800000, 0x0000000100000000)
  eden space 33280K, 100% used [0x00000000d5d80000,0x00000000d7e00000,0x00000000d7e00000)
  from space 5120K, 99% used [0x00000000d8300000,0x00000000d87ff338,0x00000000d8800000)
  to   space 5120K, 0% used [0x00000000d7e00000,0x00000000d7e00000,0x00000000d8300000)
 ParOldGen       total 87552K, used 2346K [0x0000000081800000, 0x0000000086d80000, 0x00000000d5d80000)
  object space 87552K, 2% used [0x0000000081800000,0x0000000081a4ab48,0x0000000086d80000)
 Metaspace       used 15602K, capacity 15892K, committed 16128K, reserved 1062912K
  class space    used 1880K, capacity 1976K, committed 2048K, reserved 1048576K
Event: 9.027 GC heap after
Heap after GC invocations=3 (full 0):
 PSYoungGen      total 38400K, used 5104K [0x00000000d5d80000, 0x00000000d8800000, 0x0000000100000000)
  eden space 33280K, 0% used [0x00000000d5d80000,0x00000000d5d80000,0x00000000d7e00000)
  from space 5120K, 99% used [0x00000000d7e00000,0x00000000d82fc010,0x00000000d8300000)
  to   space 5120K, 0% used [0x00000000d8300000,0x00000000d8300000,0x00000000d8800000)
 ParOldGen       total 87552K, used 5079K [0x0000000081800000, 0x0000000086d80000, 0x00000000d5d80000)
  object space 87552K, 5% used [0x0000000081800000,0x0000000081cf5d48,0x0000000086d80000)
 Metaspace       used 15602K, capacity 15892K, committed 16128K, reserved 1062912K
  class space    used 1880K, capacity 1976K, committed 2048K, reserved 1048576K
}

Deoptimization events (10 events):
Event: 8.872 Thread 0x000000000337e800 Uncommon trap: reason=class_check action=maybe_recompile pc=0x0000000003a254c8 method=java.util.regex.Pattern$7.isSatisfiedBy(I)Z @ 16
Event: 8.872 Thread 0x000000000337e800 Uncommon trap: reason=class_check action=maybe_recompile pc=0x0000000003a254c8 method=java.util.regex.Pattern$7.isSatisfiedBy(I)Z @ 16
Event: 8.872 Thread 0x000000000337e800 Uncommon trap: reason=class_check action=maybe_recompile pc=0x0000000003a254c8 method=java.util.regex.Pattern$7.isSatisfiedBy(I)Z @ 16
Event: 9.207 Thread 0x000000000337e800 Uncommon trap: reason=class_check action=maybe_recompile pc=0x00000000038848b4 method=java.util.concurrent.ConcurrentHashMap.putVal(Ljava/lang/Object;Ljava/lang/Object;Z)Ljava/lang/Object; @ 192
Event: 9.293 Thread 0x000000000337e800 Uncommon trap: reason=unstable_if action=reinterpret pc=0x0000000003b838bc method=org.apache.maven.model.io.xpp3.MavenXpp3Reader.nextTag(Lorg/codehaus/plexus/util/xml/pull/XmlPullParser;)I @ 9
Event: 9.324 Thread 0x000000000337e800 Uncommon trap: reason=predicate action=maybe_recompile pc=0x0000000003b0c56c method=java.nio.charset.CharsetDecoder.decode(Ljava/nio/ByteBuffer;Ljava/nio/CharBuffer;Z)Ljava/nio/charset/CoderResult; @ 54
Event: 9.355 Thread 0x000000000337e800 Uncommon trap: reason=unstable_if action=reinterpret pc=0x000000000385f148 method=java.lang.String.regionMatches(ZILjava/lang/String;II)Z @ 25
Event: 9.390 Thread 0x000000000337e800 Uncommon trap: reason=unstable_if action=reinterpret pc=0x00000000038723b4 method=java.util.HashMap.hash(Ljava/lang/Object;)I @ 1
Event: 9.396 Thread 0x000000000337e800 Uncommon trap: reason=unstable_if action=reinterpret pc=0x00000000037e3da8 method=java.util.HashMap.hash(Ljava/lang/Object;)I @ 1
Event: 9.397 Thread 0x000000000337e800 Uncommon trap: reason=unstable_if action=reinterpret pc=0x000000000386aabc method=java.util.HashMap.getNode(ILjava/lang/Object;)Ljava/util/HashMap$Node; @ 53

Classes redefined (0 events):
No events

Internal exceptions (10 events):
Event: 6.840 Thread 0x000000000337e800 Exception <a 'java/lang/NullPointerException'> (0x00000000d6af5050) thrown at [C:\re\workspace\8-2-build-windows-amd64-cygwin\jdk8u161\10277\hotspot\src\share\vm\interpreter\linkResolver.cpp, line 1185]
Event: 6.840 Thread 0x000000000337e800 Exception <a 'java/lang/NullPointerException'> (0x00000000d6af5268) thrown at [C:\re\workspace\8-2-build-windows-amd64-cygwin\jdk8u161\10277\hotspot\src\share\vm\interpreter\linkResolver.cpp, line 1185]
Event: 6.840 Thread 0x000000000337e800 Exception <a 'java/lang/NullPointerException'> (0x00000000d6afe820) thrown at [C:\re\workspace\8-2-build-windows-amd64-cygwin\jdk8u161\10277\hotspot\src\share\vm\interpreter\linkResolver.cpp, line 1185]
Event: 6.840 Thread 0x000000000337e800 Exception <a 'java/lang/NullPointerException'> (0x00000000d6afea38) thrown at [C:\re\workspace\8-2-build-windows-amd64-cygwin\jdk8u161\10277\hotspot\src\share\vm\interpreter\linkResolver.cpp, line 1185]
Event: 6.840 Thread 0x000000000337e800 Exception <a 'java/lang/NullPointerException'> (0x00000000d6afec50) thrown at [C:\re\workspace\8-2-build-windows-amd64-cygwin\jdk8u161\10277\hotspot\src\share\vm\interpreter\linkResolver.cpp, line 1185]
Event: 6.907 Thread 0x000000000337e800 Implicit null exception at 0x0000000003677d16 to 0x00000000036780b1
Event: 6.907 Thread 0x000000000337e800 Implicit null exception at 0x000000000366a756 to 0x000000000366aaed
Event: 8.121 Thread 0x000000000337e800 Implicit null exception at 0x0000000003ab0547 to 0x0000000003ab09e9
Event: 9.390 Thread 0x000000000337e800 Implicit null exception at 0x00000000038721d5 to 0x00000000038723a5
Event: 9.396 Thread 0x000000000337e800 Implicit null exception at 0x00000000037e3d2f to 0x00000000037e3d99

Events (10 events):
Event: 9.397 Thread 0x000000000337e800 DEOPT PACKING pc=0x000000000386aabc sp=0x000000000328db40
Event: 9.397 Thread 0x000000000337e800 DEOPT UNPACKING pc=0x00000000034c583b sp=0x000000000328dad0 mode 2
Event: 9.401 loading class org/eclipse/aether/internal/impl/ArtifactRequestBuilder
Event: 9.401 loading class org/eclipse/aether/internal/impl/ArtifactRequestBuilder done
Event: 9.402 loading class org/eclipse/aether/util/graph/visitor/FilteringDependencyVisitor
Event: 9.402 loading class org/eclipse/aether/util/graph/visitor/FilteringDependencyVisitor done
Event: 9.403 loading class org/eclipse/aether/util/graph/visitor/Stack
Event: 9.403 loading class org/eclipse/aether/util/graph/visitor/Stack done
Event: 9.404 loading class org/eclipse/aether/util/graph/visitor/TreeDependencyVisitor
Event: 9.404 loading class org/eclipse/aether/util/graph/visitor/TreeDependencyVisitor done


Dynamic libraries:
0x00007ff711cb0000 - 0x00007ff711ce7000 	C:\Program Files\Java\jdk1.8.0_161\bin\javaw.exe
0x00007ffcf1050000 - 0x00007ffcf1247000 	C:\WINDOWS\SYSTEM32\ntdll.dll
0x00007ffcf0750000 - 0x00007ffcf080d000 	C:\WINDOWS\System32\KERNEL32.DLL
0x00007ffceea70000 - 0x00007ffceed3d000 	C:\WINDOWS\System32\KERNELBASE.dll
0x00007ffcf0360000 - 0x00007ffcf040e000 	C:\WINDOWS\System32\ADVAPI32.dll
0x00007ffcefe00000 - 0x00007ffcefe9e000 	C:\WINDOWS\System32\msvcrt.dll
0x00007ffcf09b0000 - 0x00007ffcf0a4c000 	C:\WINDOWS\System32\sechost.dll
0x00007ffcf0620000 - 0x00007ffcf0745000 	C:\WINDOWS\System32\RPCRT4.dll
0x00007ffcf0810000 - 0x00007ffcf09b0000 	C:\WINDOWS\System32\USER32.dll
0x00007ffceeef0000 - 0x00007ffceef12000 	C:\WINDOWS\System32\win32u.dll
0x00007ffcf0a50000 - 0x00007ffcf0a7a000 	C:\WINDOWS\System32\GDI32.dll
0x00007ffcee8d0000 - 0x00007ffcee9db000 	C:\WINDOWS\System32\gdi32full.dll
0x00007ffceef70000 - 0x00007ffcef00d000 	C:\WINDOWS\System32\msvcp_win.dll
0x00007ffceedf0000 - 0x00007ffceeef0000 	C:\WINDOWS\System32\ucrtbase.dll
0x00007ffcd22d0000 - 0x00007ffcd256a000 	C:\WINDOWS\WinSxS\amd64_microsoft.windows.common-controls_6595b64144ccf1df_6.0.19041.1110_none_60b5254171f9507e\COMCTL32.dll
0x00007ffcef4f0000 - 0x00007ffcef520000 	C:\WINDOWS\System32\IMM32.DLL
0x0000000076660000 - 0x0000000076732000 	C:\Program Files\Java\jdk1.8.0_161\jre\bin\msvcr100.dll
0x00000000754d0000 - 0x0000000075d6f000 	C:\Program Files\Java\jdk1.8.0_161\jre\bin\server\jvm.dll
0x00007ffcef360000 - 0x00007ffcef368000 	C:\WINDOWS\System32\PSAPI.DLL
0x00007ffce8210000 - 0x00007ffce8237000 	C:\WINDOWS\SYSTEM32\WINMM.dll
0x00007ffce7030000 - 0x00007ffce703a000 	C:\WINDOWS\SYSTEM32\VERSION.dll
0x00007ffceceb0000 - 0x00007ffceceb9000 	C:\WINDOWS\SYSTEM32\WSOCK32.dll
0x00007ffcef420000 - 0x00007ffcef48b000 	C:\WINDOWS\System32\WS2_32.dll
0x0000000077bc0000 - 0x0000000077bcf000 	C:\Program Files\Java\jdk1.8.0_161\jre\bin\verify.dll
0x0000000076fe0000 - 0x0000000077009000 	C:\Program Files\Java\jdk1.8.0_161\jre\bin\java.dll
0x0000000077aa0000 - 0x0000000077ab6000 	C:\Program Files\Java\jdk1.8.0_161\jre\bin\zip.dll
0x00007ffcef5c0000 - 0x00007ffcefd04000 	C:\WINDOWS\System32\SHELL32.dll
0x00007ffcec6e0000 - 0x00007ffcece74000 	C:\WINDOWS\SYSTEM32\windows.storage.dll
0x00007ffcf0000000 - 0x00007ffcf0354000 	C:\WINDOWS\System32\combase.dll
0x00007ffcee1d0000 - 0x00007ffcee1fc000 	C:\WINDOWS\SYSTEM32\Wldp.dll
0x00007ffcef370000 - 0x00007ffcef41d000 	C:\WINDOWS\System32\SHCORE.dll
0x00007ffceff80000 - 0x00007ffceffd5000 	C:\WINDOWS\System32\shlwapi.dll
0x00007ffcee6b0000 - 0x00007ffcee6cf000 	C:\WINDOWS\SYSTEM32\profapi.dll
0x00007ffcee030000 - 0x00007ffcee048000 	C:\WINDOWS\SYSTEM32\CRYPTSP.dll
0x00007ffced7a0000 - 0x00007ffced7d4000 	C:\WINDOWS\system32\rsaenh.dll
0x00007ffcef080000 - 0x00007ffcef0a7000 	C:\WINDOWS\System32\bcrypt.dll
0x00007ffcee630000 - 0x00007ffcee65e000 	C:\WINDOWS\SYSTEM32\USERENV.dll
0x00007ffcee9e0000 - 0x00007ffceea62000 	C:\WINDOWS\System32\bcryptprimitives.dll
0x00007ffcee020000 - 0x00007ffcee02c000 	C:\WINDOWS\SYSTEM32\CRYPTBASE.dll
0x0000000076fc0000 - 0x0000000076fda000 	C:\Program Files\Java\jdk1.8.0_161\jre\bin\net.dll
0x00007ffcede10000 - 0x00007ffcede7a000 	C:\WINDOWS\system32\mswsock.dll
0x00007ffcedb10000 - 0x00007ffcedb4b000 	C:\WINDOWS\SYSTEM32\IPHLPAPI.DLL
0x00007ffcef5b0000 - 0x00007ffcef5b8000 	C:\WINDOWS\System32\NSI.dll
0x00007ffce5340000 - 0x00007ffce5357000 	C:\WINDOWS\SYSTEM32\dhcpcsvc6.DLL
0x00007ffce6020000 - 0x00007ffce603d000 	C:\WINDOWS\SYSTEM32\dhcpcsvc.DLL
0x00007ffcedb50000 - 0x00007ffcedc1b000 	C:\WINDOWS\SYSTEM32\DNSAPI.dll
0x0000000076910000 - 0x0000000076921000 	C:\Program Files\Java\jdk1.8.0_161\jre\bin\nio.dll
0x00007ffce9d80000 - 0x00007ffce9d8a000 	C:\Users\Eduardo\AppData\Local\Temp\jansi-1.17.1-2123359646306360377.dll
0x00007ffce8830000 - 0x00007ffce883a000 	C:\Users\Eduardo\AppData\Local\Temp\jansi-1.17.1-56246100338641781.dll

VM Arguments:
jvm_args: -Dmaven.home=EMBEDDED -Dclassworlds.conf=C:\Users\Eduardo\JEE-workplace\.metadata\.plugins\org.eclipse.m2e.launching\launches\m2conf1937817713744838516.tmp -Dmaven.multiModuleProjectDirectory=C:\Users\Eduardo\JEE-workplace\EdGit\edgit-server -Dfile.encoding=Cp1252 
java_command: org.codehaus.plexus.classworlds.launcher.Launcher -B clean install
java_class_path (initial): C:\Users\Eduardo\.p2\pool\plugins\org.eclipse.m2e.maven.runtime_1.14.0.20191209-1923\jars\plexus-classworlds-2.6.0.jar
Launcher Type: SUN_STANDARD

Environment Variables:
JAVA_HOME=C:\Program Files\Java\jdk1.8.0_161
JRE_HOME=C:\Program Files\Java\jre1.8.0_161
USERNAME=Eduardo
OS=Windows_NT
PROCESSOR_IDENTIFIER=Intel64 Family 6 Model 94 Stepping 3, GenuineIntel



---------------  S Y S T E M  ---------------

OS: Windows 10.0 , 64 bit Build 19041 (10.0.19041.1741)

CPU:total 8 (initial active 8) (4 cores per cpu, 2 threads per core) family 6 model 94 stepping 3, cmov, cx8, fxsr, mmx, sse, sse2, sse3, ssse3, sse4.1, sse4.2, popcnt, avx, avx2, aes, clmul, erms, rtm, 3dnowpref, lzcnt, ht, tsc, tscinvbit, bmi1, bmi2, adx

Memory: 4k page, physical 8284688k(534200k free), swap 24141324k(5960k free)

vm_info: Java HotSpot(TM) 64-Bit Server VM (25.161-b12) for windows-amd64 JRE (1.8.0_161-b12), built on Dec 19 2017 17:52:25 by "java_re" with MS VC++ 10.0 (VS2010)

time: Sat Jun 25 03:51:06 2022
elapsed time: 9 seconds (0d 0h 0m 9s)

